<?xml version="1.0" encoding="UTF-8"?>
<testng-results skipped="0" failed="0" ignored="0" total="1" passed="1">
  <reporter-output>
  </reporter-output>
  <suite name="Default suite" duration-ms="30198" started-at="2018-04-14T10:35:12Z" finished-at="2018-04-14T10:35:42Z">
    <groups>
    </groups>
    <test name="Default test" duration-ms="30198" started-at="2018-04-14T10:35:12Z" finished-at="2018-04-14T10:35:42Z">
      <class name="JeanksProjectTest.JeanksProjectTest.One">
        <test-method status="PASS" signature="testSetup()[pri:0, instance:JeanksProjectTest.JeanksProjectTest.One@685cb137]" name="testSetup" is-config="true" duration-ms="8869" started-at="2018-04-14T10:35:12Z" finished-at="2018-04-14T10:35:21Z">
          <reporter-output>
          </reporter-output>
        </test-method> <!-- testSetup -->
        <test-method status="PASS" signature="f()[pri:0, instance:JeanksProjectTest.JeanksProjectTest.One@685cb137]" name="f" duration-ms="21266" started-at="2018-04-14T10:35:21Z" finished-at="2018-04-14T10:35:42Z">
          <reporter-output>
          </reporter-output>
        </test-method> <!-- f -->
        <test-method status="PASS" signature="tearDown()[pri:0, instance:JeanksProjectTest.JeanksProjectTest.One@685cb137]" name="tearDown" is-config="true" duration-ms="1" started-at="2018-04-14T10:35:42Z" finished-at="2018-04-14T10:35:42Z">
          <reporter-output>
          </reporter-output>
        </test-method> <!-- tearDown -->
      </class> <!-- JeanksProjectTest.JeanksProjectTest.One -->
    </test> <!-- Default test -->
  </suite> <!-- Default suite -->
</testng-results>
